<?xml version="1.0" encoding="UTF-8"?>
<!DOCTYPE coverage SYSTEM "http://cobertura.sourceforge.net/xml/coverage-04.dtd">
<coverage line-rate="0.12698412698413" branch-rate="0" lines-covered="32" lines-valid="252" branches-covered="0" branches-valid="0" complexity="122" version="0.4" timestamp="1780862229">
  <sources>
    <source>/app/src</source>
  </sources>
  <packages>
    <package name="Building/BuildCollection.php" line-rate="0" branch-rate="0" complexity="4">
      <classes>
        <class name="Playground\Make\Postman\Building\BuildCollection" filename="Building/BuildCollection.php" line-rate="0" branch-rate="0" complexity="4">
          <methods>
            <method name="init_postman_collection" signature="" line-rate="0" branch-rate="0" complexity="2">
              <lines>
                <line number="27" hits="0"/>
                <line number="28" hits="0"/>
              </lines>
            </method>
            <method name="save_postman_collection" signature="" line-rate="0" branch-rate="0" complexity="2">
              <lines>
                <line number="47" hits="0"/>
                <line number="49" hits="0"/>
                <line number="51" hits="0"/>
                <line number="53" hits="0"/>
                <line number="54" hits="0"/>
                <line number="55" hits="0"/>
                <line number="56" hits="0"/>
                <line number="57" hits="0"/>
                <line number="72" hits="0"/>
                <line number="74" hits="0"/>
                <line number="76" hits="0"/>
                <line number="78" hits="0"/>
                <line number="79" hits="0"/>
                <line number="80" hits="0"/>
                <line number="81" hits="0"/>
                <line number="82" hits="0"/>
                <line number="84" hits="0"/>
                <line number="85" hits="0"/>
                <line number="86" hits="0"/>
                <line number="87" hits="0"/>
                <line number="88" hits="0"/>
              </lines>
            </method>
          </methods>
          <lines>
            <line number="27" hits="0"/>
            <line number="28" hits="0"/>
            <line number="47" hits="0"/>
            <line number="49" hits="0"/>
            <line number="51" hits="0"/>
            <line number="53" hits="0"/>
            <line number="54" hits="0"/>
            <line number="55" hits="0"/>
            <line number="56" hits="0"/>
            <line number="57" hits="0"/>
            <line number="72" hits="0"/>
            <line number="74" hits="0"/>
            <line number="76" hits="0"/>
            <line number="78" hits="0"/>
            <line number="79" hits="0"/>
            <line number="80" hits="0"/>
            <line number="81" hits="0"/>
            <line number="82" hits="0"/>
            <line number="84" hits="0"/>
            <line number="85" hits="0"/>
            <line number="86" hits="0"/>
            <line number="87" hits="0"/>
            <line number="88" hits="0"/>
          </lines>
        </class>
      </classes>
    </package>
    <package name="Building/BuildInfo.php" line-rate="0" branch-rate="0" complexity="5">
      <classes>
        <class name="Playground\Make\Postman\Building\BuildInfo" filename="Building/BuildInfo.php" line-rate="0" branch-rate="0" complexity="5">
          <methods>
            <method name="build_collection_info" signature="" line-rate="0" branch-rate="0" complexity="5">
              <lines>
                <line number="18" hits="0"/>
                <line number="19" hits="0"/>
                <line number="20" hits="0"/>
                <line number="22" hits="0"/>
                <line number="23" hits="0"/>
                <line number="26" hits="0"/>
                <line number="27" hits="0"/>
                <line number="30" hits="0"/>
                <line number="31" hits="0"/>
                <line number="34" hits="0"/>
                <line number="35" hits="0"/>
                <line number="38" hits="0"/>
                <line number="39" hits="0"/>
                <line number="40" hits="0"/>
                <line number="42" hits="0"/>
                <line number="44" hits="0"/>
              </lines>
            </method>
          </methods>
          <lines>
            <line number="18" hits="0"/>
            <line number="19" hits="0"/>
            <line number="20" hits="0"/>
            <line number="22" hits="0"/>
            <line number="23" hits="0"/>
            <line number="26" hits="0"/>
            <line number="27" hits="0"/>
            <line number="30" hits="0"/>
            <line number="31" hits="0"/>
            <line number="34" hits="0"/>
            <line number="35" hits="0"/>
            <line number="38" hits="0"/>
            <line number="39" hits="0"/>
            <line number="40" hits="0"/>
            <line number="42" hits="0"/>
            <line number="44" hits="0"/>
          </lines>
        </class>
      </classes>
    </package>
    <package name="Concerns/Packages.php" line-rate="0" branch-rate="0" complexity="12">
      <classes>
        <class name="Playground\Make\Postman\Concerns\Packages" filename="Concerns/Packages.php" line-rate="0" branch-rate="0" complexity="12">
          <methods>
            <method name="load_controller_package" signature="mixed $file, bool $apply" line-rate="0" branch-rate="0" complexity="4">
              <lines>
                <line number="35" hits="0"/>
                <line number="36" hits="0"/>
                <line number="37" hits="0"/>
                <line number="38" hits="0"/>
                <line number="39" hits="0"/>
                <line number="40" hits="0"/>
              </lines>
            </method>
            <method name="load_model_package" signature="mixed $file, bool $apply" line-rate="0" branch-rate="0" complexity="4">
              <lines>
                <line number="47" hits="0"/>
                <line number="48" hits="0"/>
                <line number="49" hits="0"/>
                <line number="50" hits="0"/>
                <line number="51" hits="0"/>
                <line number="52" hits="0"/>
              </lines>
            </method>
            <method name="load_model_revision" signature="mixed $file, bool $apply" line-rate="0" branch-rate="0" complexity="4">
              <lines>
                <line number="59" hits="0"/>
                <line number="60" hits="0"/>
                <line number="61" hits="0"/>
                <line number="62" hits="0"/>
                <line number="63" hits="0"/>
                <line number="64" hits="0"/>
              </lines>
            </method>
          </methods>
          <lines>
            <line number="35" hits="0"/>
            <line number="36" hits="0"/>
            <line number="37" hits="0"/>
            <line number="38" hits="0"/>
            <line number="39" hits="0"/>
            <line number="40" hits="0"/>
            <line number="47" hits="0"/>
            <line number="48" hits="0"/>
            <line number="49" hits="0"/>
            <line number="50" hits="0"/>
            <line number="51" hits="0"/>
            <line number="52" hits="0"/>
            <line number="59" hits="0"/>
            <line number="60" hits="0"/>
            <line number="61" hits="0"/>
            <line number="62" hits="0"/>
            <line number="63" hits="0"/>
            <line number="64" hits="0"/>
          </lines>
        </class>
      </classes>
    </package>
    <package name="Configuration/Collection.php" line-rate="0" branch-rate="0" complexity="18">
      <classes>
        <class name="Playground\Make\Postman\Configuration\Collection" filename="Configuration/Collection.php" line-rate="0" branch-rate="0" complexity="18">
          <methods>
            <method name="setOptions" signature="array $options" line-rate="0" branch-rate="0" complexity="11">
              <lines>
                <line number="37" hits="0"/>
                <line number="38" hits="0"/>
                <line number="48" hits="0"/>
                <line number="49" hits="0"/>
                <line number="51" hits="0"/>
                <line number="52" hits="0"/>
                <line number="55" hits="0"/>
                <line number="56" hits="0"/>
                <line number="58" hits="0"/>
                <line number="59" hits="0"/>
                <line number="60" hits="0"/>
                <line number="71" hits="0"/>
              </lines>
            </method>
            <method name="addAuthenticationSteps" signature="array $options" line-rate="0" branch-rate="0" complexity="1">
              <lines>
                <line number="144" hits="0"/>
              </lines>
            </method>
            <method name="addFolder" signature="string $key, array $options" line-rate="0" branch-rate="0" complexity="1">
              <lines>
                <line number="158" hits="0"/>
              </lines>
            </method>
            <method name="info" signature="" line-rate="0" branch-rate="0" complexity="1">
              <lines>
                <line number="163" hits="0"/>
              </lines>
            </method>
            <method name="folders" signature="" line-rate="0" branch-rate="0" complexity="1">
              <lines>
                <line number="203" hits="0"/>
              </lines>
            </method>
            <method name="jsonSerialize" signature="" line-rate="0" branch-rate="0" complexity="3">
              <lines>
                <line number="208" hits="0"/>
                <line number="210" hits="0"/>
                <line number="212" hits="0"/>
                <line number="213" hits="0"/>
                <line number="214" hits="0"/>
                <line number="215" hits="0"/>
                <line number="216" hits="0"/>
                <line number="240" hits="0"/>
              </lines>
            </method>
          </methods>
          <lines>
            <line number="37" hits="0"/>
            <line number="38" hits="0"/>
            <line number="48" hits="0"/>
            <line number="49" hits="0"/>
            <line number="51" hits="0"/>
            <line number="52" hits="0"/>
            <line number="55" hits="0"/>
            <line number="56" hits="0"/>
            <line number="58" hits="0"/>
            <line number="59" hits="0"/>
            <line number="60" hits="0"/>
            <line number="71" hits="0"/>
            <line number="144" hits="0"/>
            <line number="158" hits="0"/>
            <line number="163" hits="0"/>
            <line number="203" hits="0"/>
            <line number="208" hits="0"/>
            <line number="210" hits="0"/>
            <line number="212" hits="0"/>
            <line number="213" hits="0"/>
            <line number="214" hits="0"/>
            <line number="215" hits="0"/>
            <line number="216" hits="0"/>
            <line number="240" hits="0"/>
          </lines>
        </class>
      </classes>
    </package>
    <package name="Configuration/Info.php" line-rate="0" branch-rate="0" complexity="16">
      <classes>
        <class name="Playground\Make\Postman\Configuration\Info" filename="Configuration/Info.php" line-rate="0" branch-rate="0" complexity="16">
          <methods>
            <method name="setOptions" signature="array $options" line-rate="0" branch-rate="0" complexity="11">
              <lines>
                <line number="44" hits="0"/>
                <line number="45" hits="0"/>
                <line number="47" hits="0"/>
                <line number="50" hits="0"/>
                <line number="51" hits="0"/>
                <line number="53" hits="0"/>
                <line number="56" hits="0"/>
                <line number="57" hits="0"/>
                <line number="59" hits="0"/>
                <line number="62" hits="0"/>
                <line number="63" hits="0"/>
                <line number="65" hits="0"/>
                <line number="68" hits="0"/>
                <line number="69" hits="0"/>
                <line number="71" hits="0"/>
                <line number="74" hits="0"/>
              </lines>
            </method>
            <method name="_postman_id" signature="" line-rate="0" branch-rate="0" complexity="1">
              <lines>
                <line number="79" hits="0"/>
              </lines>
            </method>
            <method name="name" signature="" line-rate="0" branch-rate="0" complexity="1">
              <lines>
                <line number="84" hits="0"/>
              </lines>
            </method>
            <method name="schema" signature="" line-rate="0" branch-rate="0" complexity="1">
              <lines>
                <line number="89" hits="0"/>
              </lines>
            </method>
            <method name="_exporter_id" signature="" line-rate="0" branch-rate="0" complexity="1">
              <lines>
                <line number="94" hits="0"/>
              </lines>
            </method>
            <method name="_collection_link" signature="" line-rate="0" branch-rate="0" complexity="1">
              <lines>
                <line number="99" hits="0"/>
              </lines>
            </method>
          </methods>
          <lines>
            <line number="44" hits="0"/>
            <line number="45" hits="0"/>
            <line number="47" hits="0"/>
            <line number="50" hits="0"/>
            <line number="51" hits="0"/>
            <line number="53" hits="0"/>
            <line number="56" hits="0"/>
            <line number="57" hits="0"/>
            <line number="59" hits="0"/>
            <line number="62" hits="0"/>
            <line number="63" hits="0"/>
            <line number="65" hits="0"/>
            <line number="68" hits="0"/>
            <line number="69" hits="0"/>
            <line number="71" hits="0"/>
            <line number="74" hits="0"/>
            <line number="79" hits="0"/>
            <line number="84" hits="0"/>
            <line number="89" hits="0"/>
            <line number="94" hits="0"/>
            <line number="99" hits="0"/>
          </lines>
        </class>
      </classes>
    </package>
    <package name="Configuration/Postman.php" line-rate="0" branch-rate="0" complexity="31">
      <classes>
        <class name="Playground\Make\Postman\Configuration\Postman" filename="Configuration/Postman.php" line-rate="0" branch-rate="0" complexity="31">
          <methods>
            <method name="setOptions" signature="array $options" line-rate="0" branch-rate="0" complexity="17">
              <lines>
                <line number="94" hits="0"/>
                <line number="96" hits="0"/>
                <line number="97" hits="0"/>
                <line number="100" hits="0"/>
                <line number="101" hits="0"/>
                <line number="135" hits="0"/>
                <line number="136" hits="0"/>
                <line number="138" hits="0"/>
                <line number="153" hits="0"/>
                <line number="154" hits="0"/>
                <line number="156" hits="0"/>
                <line number="159" hits="0"/>
                <line number="160" hits="0"/>
                <line number="162" hits="0"/>
                <line number="165" hits="0"/>
                <line number="166" hits="0"/>
                <line number="168" hits="0"/>
                <line number="171" hits="0"/>
                <line number="172" hits="0"/>
                <line number="174" hits="0"/>
                <line number="177" hits="0"/>
                <line number="178" hits="0"/>
                <line number="180" hits="0"/>
                <line number="183" hits="0"/>
                <line number="184" hits="0"/>
                <line number="186" hits="0"/>
                <line number="189" hits="0"/>
                <line number="191" hits="0"/>
              </lines>
            </method>
            <method name="addModels" signature="array $options" line-rate="0" branch-rate="0" complexity="4">
              <lines>
                <line number="199" hits="0"/>
                <line number="200" hits="0"/>
                <line number="202" hits="0"/>
                <line number="203" hits="0"/>
                <line number="207" hits="0"/>
              </lines>
            </method>
            <method name="description" signature="" line-rate="0" branch-rate="0" complexity="1">
              <lines>
                <line number="227" hits="0"/>
              </lines>
            </method>
            <method name="model_package" signature="" line-rate="0" branch-rate="0" complexity="1">
              <lines>
                <line number="232" hits="0"/>
              </lines>
            </method>
            <method name="controller_package" signature="" line-rate="0" branch-rate="0" complexity="1">
              <lines>
                <line number="237" hits="0"/>
              </lines>
            </method>
            <method name="_postman_id" signature="" line-rate="0" branch-rate="0" complexity="1">
              <lines>
                <line number="242" hits="0"/>
              </lines>
            </method>
            <method name="schema" signature="" line-rate="0" branch-rate="0" complexity="1">
              <lines>
                <line number="247" hits="0"/>
              </lines>
            </method>
            <method name="_exporter_id" signature="" line-rate="0" branch-rate="0" complexity="1">
              <lines>
                <line number="252" hits="0"/>
              </lines>
            </method>
            <method name="_collection_link" signature="" line-rate="0" branch-rate="0" complexity="1">
              <lines>
                <line number="257" hits="0"/>
              </lines>
            </method>
            <method name="models" signature="" line-rate="0" branch-rate="0" complexity="1">
              <lines>
                <line number="265" hits="0"/>
              </lines>
            </method>
            <method name="withAuthSanctum" signature="" line-rate="0" branch-rate="0" complexity="1">
              <lines>
                <line number="270" hits="0"/>
              </lines>
            </method>
            <method name="withAuthSession" signature="" line-rate="0" branch-rate="0" complexity="1">
              <lines>
                <line number="275" hits="0"/>
              </lines>
            </method>
          </methods>
          <lines>
            <line number="94" hits="0"/>
            <line number="96" hits="0"/>
            <line number="97" hits="0"/>
            <line number="100" hits="0"/>
            <line number="101" hits="0"/>
            <line number="135" hits="0"/>
            <line number="136" hits="0"/>
            <line number="138" hits="0"/>
            <line number="153" hits="0"/>
            <line number="154" hits="0"/>
            <line number="156" hits="0"/>
            <line number="159" hits="0"/>
            <line number="160" hits="0"/>
            <line number="162" hits="0"/>
            <line number="165" hits="0"/>
            <line number="166" hits="0"/>
            <line number="168" hits="0"/>
            <line number="171" hits="0"/>
            <line number="172" hits="0"/>
            <line number="174" hits="0"/>
            <line number="177" hits="0"/>
            <line number="178" hits="0"/>
            <line number="180" hits="0"/>
            <line number="183" hits="0"/>
            <line number="184" hits="0"/>
            <line number="186" hits="0"/>
            <line number="189" hits="0"/>
            <line number="191" hits="0"/>
            <line number="199" hits="0"/>
            <line number="200" hits="0"/>
            <line number="202" hits="0"/>
            <line number="203" hits="0"/>
            <line number="207" hits="0"/>
            <line number="227" hits="0"/>
            <line number="232" hits="0"/>
            <line number="237" hits="0"/>
            <line number="242" hits="0"/>
            <line number="247" hits="0"/>
            <line number="252" hits="0"/>
            <line number="257" hits="0"/>
            <line number="265" hits="0"/>
            <line number="270" hits="0"/>
            <line number="275" hits="0"/>
          </lines>
        </class>
      </classes>
    </package>
    <package name="Console/Commands/PostmanMakeCommand.php" line-rate="0" branch-rate="0" complexity="21">
      <classes>
        <class name="Playground\Make\Postman\Console\Commands\PostmanMakeCommand" filename="Console/Commands/PostmanMakeCommand.php" line-rate="0" branch-rate="0" complexity="21">
          <methods>
            <method name="prepareOptions" signature="" line-rate="0" branch-rate="0" complexity="14">
              <lines>
                <line number="119" hits="0"/>
                <line number="121" hits="0"/>
                <line number="122" hits="0"/>
                <line number="129" hits="0"/>
                <line number="131" hits="0"/>
                <line number="132" hits="0"/>
                <line number="133" hits="0"/>
                <line number="134" hits="0"/>
                <line number="135" hits="0"/>
                <line number="136" hits="0"/>
                <line number="137" hits="0"/>
                <line number="138" hits="0"/>
                <line number="139" hits="0"/>
                <line number="140" hits="0"/>
                <line number="141" hits="0"/>
                <line number="142" hits="0"/>
                <line number="143" hits="0"/>
                <line number="144" hits="0"/>
                <line number="145" hits="0"/>
                <line number="158" hits="0"/>
                <line number="159" hits="0"/>
                <line number="160" hits="0"/>
                <line number="161" hits="0"/>
                <line number="163" hits="0"/>
                <line number="169" hits="0"/>
                <line number="170" hits="0"/>
                <line number="174" hits="0"/>
                <line number="175" hits="0"/>
                <line number="176" hits="0"/>
                <line number="177" hits="0"/>
                <line number="180" hits="0"/>
                <line number="182" hits="0"/>
                <line number="183" hits="0"/>
                <line number="185" hits="0"/>
                <line number="186" hits="0"/>
                <line number="187" hits="0"/>
                <line number="188" hits="0"/>
                <line number="189" hits="0"/>
                <line number="190" hits="0"/>
                <line number="191" hits="0"/>
                <line number="192" hits="0"/>
                <line number="195" hits="0"/>
                <line number="196" hits="0"/>
                <line number="199" hits="0"/>
              </lines>
            </method>
            <method name="handle" signature="" line-rate="0" branch-rate="0" complexity="4">
              <lines>
                <line number="232" hits="0"/>
                <line number="234" hits="0"/>
                <line number="236" hits="0"/>
                <line number="243" hits="0"/>
                <line number="244" hits="0"/>
                <line number="245" hits="0"/>
                <line number="246" hits="0"/>
                <line number="248" hits="0"/>
                <line number="250" hits="0"/>
                <line number="258" hits="0"/>
                <line number="260" hits="0"/>
                <line number="262" hits="0"/>
                <line number="263" hits="0"/>
                <line number="264" hits="0"/>
                <line number="266" hits="0"/>
                <line number="269" hits="0"/>
                <line number="274" hits="0"/>
                <line number="277" hits="0"/>
                <line number="279" hits="0"/>
              </lines>
            </method>
            <method name="getStub" signature="" line-rate="0" branch-rate="0" complexity="1">
              <lines>
                <line number="370" hits="0"/>
                <line number="371" hits="0"/>
                <line number="372" hits="0"/>
                <line number="373" hits="0"/>
              </lines>
            </method>
            <method name="getOptions" signature="" line-rate="0" branch-rate="0" complexity="1">
              <lines>
                <line number="418" hits="0"/>
                <line number="420" hits="0"/>
                <line number="421" hits="0"/>
                <line number="422" hits="0"/>
                <line number="423" hits="0"/>
                <line number="424" hits="0"/>
                <line number="426" hits="0"/>
              </lines>
            </method>
            <method name="getConfigurationFilename" signature="" line-rate="0" branch-rate="0" complexity="1">
              <lines>
                <line number="476" hits="0"/>
              </lines>
            </method>
          </methods>
          <lines>
            <line number="119" hits="0"/>
            <line number="121" hits="0"/>
            <line number="122" hits="0"/>
            <line number="129" hits="0"/>
            <line number="131" hits="0"/>
            <line number="132" hits="0"/>
            <line number="133" hits="0"/>
            <line number="134" hits="0"/>
            <line number="135" hits="0"/>
            <line number="136" hits="0"/>
            <line number="137" hits="0"/>
            <line number="138" hits="0"/>
            <line number="139" hits="0"/>
            <line number="140" hits="0"/>
            <line number="141" hits="0"/>
            <line number="142" hits="0"/>
            <line number="143" hits="0"/>
            <line number="144" hits="0"/>
            <line number="145" hits="0"/>
            <line number="158" hits="0"/>
            <line number="159" hits="0"/>
            <line number="160" hits="0"/>
            <line number="161" hits="0"/>
            <line number="163" hits="0"/>
            <line number="169" hits="0"/>
            <line number="170" hits="0"/>
            <line number="174" hits="0"/>
            <line number="175" hits="0"/>
            <line number="176" hits="0"/>
            <line number="177" hits="0"/>
            <line number="180" hits="0"/>
            <line number="182" hits="0"/>
            <line number="183" hits="0"/>
            <line number="185" hits="0"/>
            <line number="186" hits="0"/>
            <line number="187" hits="0"/>
            <line number="188" hits="0"/>
            <line number="189" hits="0"/>
            <line number="190" hits="0"/>
            <line number="191" hits="0"/>
            <line number="192" hits="0"/>
            <line number="195" hits="0"/>
            <line number="196" hits="0"/>
            <line number="199" hits="0"/>
            <line number="232" hits="0"/>
            <line number="234" hits="0"/>
            <line number="236" hits="0"/>
            <line number="243" hits="0"/>
            <line number="244" hits="0"/>
            <line number="245" hits="0"/>
            <line number="246" hits="0"/>
            <line number="248" hits="0"/>
            <line number="250" hits="0"/>
            <line number="258" hits="0"/>
            <line number="260" hits="0"/>
            <line number="262" hits="0"/>
            <line number="263" hits="0"/>
            <line number="264" hits="0"/>
            <line number="266" hits="0"/>
            <line number="269" hits="0"/>
            <line number="274" hits="0"/>
            <line number="277" hits="0"/>
            <line number="279" hits="0"/>
            <line number="370" hits="0"/>
            <line number="371" hits="0"/>
            <line number="372" hits="0"/>
            <line number="373" hits="0"/>
            <line number="418" hits="0"/>
            <line number="420" hits="0"/>
            <line number="421" hits="0"/>
            <line number="422" hits="0"/>
            <line number="423" hits="0"/>
            <line number="424" hits="0"/>
            <line number="426" hits="0"/>
            <line number="476" hits="0"/>
          </lines>
        </class>
      </classes>
    </package>
    <package name="Contracts/Item.php" line-rate="0" branch-rate="0" complexity="0">
      <classes/>
    </package>
    <package name="ServiceProvider.php" line-rate="1" branch-rate="0" complexity="15">
      <classes>
        <class name="Playground\Make\Postman\ServiceProvider" filename="ServiceProvider.php" line-rate="1" branch-rate="0" complexity="15">
          <methods>
            <method name="boot" signature="" line-rate="1" branch-rate="0" complexity="7">
              <lines>
                <line number="35" hits="1"/>
                <line number="37" hits="1"/>
                <line number="39" hits="1"/>
                <line number="40" hits="1"/>
                <line number="43" hits="1"/>
                <line number="44" hits="1"/>
                <line number="45" hits="1"/>
                <line number="46" hits="1"/>
                <line number="47" hits="1"/>
                <line number="50" hits="1"/>
                <line number="52" hits="1"/>
                <line number="53" hits="1"/>
                <line number="54" hits="1"/>
                <line number="58" hits="1"/>
                <line number="59" hits="1"/>
              </lines>
            </method>
            <method name="boot_commands" signature="" line-rate="1" branch-rate="0" complexity="1">
              <lines>
                <line number="68" hits="1"/>
                <line number="70" hits="1"/>
                <line number="72" hits="1"/>
                <line number="74" hits="1"/>
              </lines>
            </method>
            <method name="register" signature="" line-rate="1" branch-rate="0" complexity="1">
              <lines>
                <line number="82" hits="1"/>
                <line number="83" hits="1"/>
                <line number="84" hits="1"/>
                <line number="85" hits="1"/>
              </lines>
            </method>
            <method name="about" signature="" line-rate="1" branch-rate="0" complexity="6">
              <lines>
                <line number="90" hits="1"/>
                <line number="91" hits="1"/>
                <line number="93" hits="1"/>
                <line number="95" hits="1"/>
                <line number="96" hits="1"/>
                <line number="97" hits="1"/>
                <line number="98" hits="1"/>
                <line number="99" hits="1"/>
                <line number="100" hits="1"/>
              </lines>
            </method>
          </methods>
          <lines>
            <line number="35" hits="1"/>
            <line number="37" hits="1"/>
            <line number="39" hits="1"/>
            <line number="40" hits="1"/>
            <line number="43" hits="1"/>
            <line number="44" hits="1"/>
            <line number="45" hits="1"/>
            <line number="46" hits="1"/>
            <line number="47" hits="1"/>
            <line number="50" hits="1"/>
            <line number="52" hits="1"/>
            <line number="53" hits="1"/>
            <line number="54" hits="1"/>
            <line number="58" hits="1"/>
            <line number="59" hits="1"/>
            <line number="68" hits="1"/>
            <line number="70" hits="1"/>
            <line number="72" hits="1"/>
            <line number="74" hits="1"/>
            <line number="82" hits="1"/>
            <line number="83" hits="1"/>
            <line number="84" hits="1"/>
            <line number="85" hits="1"/>
            <line number="90" hits="1"/>
            <line number="91" hits="1"/>
            <line number="93" hits="1"/>
            <line number="95" hits="1"/>
            <line number="96" hits="1"/>
            <line number="97" hits="1"/>
            <line number="98" hits="1"/>
            <line number="99" hits="1"/>
            <line number="100" hits="1"/>
          </lines>
        </class>
      </classes>
    </package>
  </packages>
</coverage>
